2023-05-09 21:55:43,278 =============================================================
2023-05-09 21:55:43,278 =============================================================
2023-05-09 21:55:43,278 Today is 2023-05-09 at 09:55 PM
2023-05-09 21:55:43,295 This file is running on: nt Windows 10
2023-05-09 21:55:43,295 The Python version is: 3.11.3
2023-05-09 21:55:43,295 The active conda environment is:  None
2023-05-09 21:55:43,295 The active pip environment is:    None
2023-05-09 21:55:43,295 The active environment path is:   C:\Users\Sapper Tower\AppData\Local\Programs\Python\Python311
2023-05-09 21:55:43,295 The current working directory is: C:\Users\Sapper Tower\OneDrive\Documents\Char_School\datafun-01-getting-started
2023-05-09 21:55:43,295 This source file is in:           C:\Users\Sapper Tower\OneDrive\Documents\Char_School\datafun-01-getting-started
2023-05-09 21:55:43,295 =============================================================
2023-05-09 21:55:43,295 =============================================================
2023-05-09 21:55:43,295 Name: John Doe 
2023-05-09 21:55:43,295 State: California
2023-05-09 21:55:43,295 Country: USA
2023-05-09 21:55:43,295 Pet count: 1
2023-05-09 21:55:43,295 Skill count: 24
2023-05-09 21:55:43,295 Temperature: 81.5
2023-05-09 21:55:43,295 Pet weight: 12.5
2023-05-09 21:55:43,296 Has dog: False
2023-05-09 21:55:43,296 Likes analytics: True
2023-05-09 21:55:43,296 Likes Python: True
